\BOOKMARK [1][-]{section.1}{\376\377\000I\000m\000a\000g\000i\000n\000g\000\040\000P\000h\000y\000s\000i\000c\000s\000\040\000a\000n\000d\000\040\000O\000p\000t\000i\000c\000s}{}% 1
\BOOKMARK [2][-]{subsection.1.1}{\376\377\000F\000o\000c\000a\000l\000\040\000l\000e\000n\000g\000t\000h}{section.1}% 2
\BOOKMARK [2][-]{subsection.1.2}{\376\377\000O\000p\000t\000i\000c\000a\000l\000\040\000p\000o\000w\000e\000r}{section.1}% 3
\BOOKMARK [2][-]{subsection.1.3}{\376\377\000F\000i\000e\000l\000d\000\040\000o\000f\000\040\000v\000i\000e\000w}{section.1}% 4
\BOOKMARK [2][-]{subsection.1.4}{\376\377\000A\000p\000e\000r\000t\000u\000r\000e}{section.1}% 5
\BOOKMARK [2][-]{subsection.1.5}{\376\377\000K\000e\000y\000\040\000T\000r\000a\000d\000e\000-\000O\000f\000f\000s\000\040\000i\000n\000\040\000E\000a\000r\000t\000h\000\040\000O\000b\000s\000e\000r\000v\000a\000t\000i\000o\000n\000\040\000I\000m\000a\000g\000i\000n\000g}{section.1}% 6
\BOOKMARK [2][-]{subsection.1.6}{\376\377\000C\000,\000\040\000C\000S\000\040\000a\000n\000d\000\040\000S\000-\000M\000o\000u\000n\000t\000\040\000C\000a\000m\000e\000r\000a\000\040\000L\000e\000n\000s\000e\000s}{section.1}% 7
\BOOKMARK [2][-]{subsection.1.7}{\376\377\000A\000u\000t\000o\000f\000o\000c\000u\000s\000\040\000v\000s\000.\000\040\000F\000i\000x\000e\000d\000-\000f\000o\000c\000u\000s\000\040\000L\000e\000n\000s\000e\000s}{section.1}% 8
\BOOKMARK [2][-]{subsection.1.8}{\376\377\000W\000i\000d\000e\000\040\000a\000n\000d\000\040\000v\000s\000.\000\040\000T\000e\000l\000e\000p\000h\000o\000t\000o\000\040\000I\000m\000a\000g\000i\000n\000g}{section.1}% 9
\BOOKMARK [2][-]{subsection.1.9}{\376\377\000O\000p\000t\000i\000c\000a\000l\000\040\000d\000i\000s\000t\000o\000r\000t\000i\000o\000n\000s\000\040\000a\000n\000d\000\040\000c\000o\000r\000r\000e\000c\000t\000i\000o\000n\000s}{section.1}% 10
\BOOKMARK [3][-]{subsubsection.1.9.1}{\376\377\000F\000i\000s\000h\000e\000y\000e\000\040\000D\000i\000s\000t\000o\000r\000t\000i\000o\000n}{subsection.1.9}% 11
\BOOKMARK [3][-]{subsubsection.1.9.2}{\376\377\000S\000p\000h\000e\000r\000i\000c\000a\000l\000\040\000A\000b\000e\000r\000r\000a\000t\000i\000o\000n}{subsection.1.9}% 12
\BOOKMARK [3][-]{subsubsection.1.9.3}{\376\377\000A\000s\000t\000i\000g\000m\000a\000t\000i\000s\000m}{subsection.1.9}% 13
\BOOKMARK [3][-]{subsubsection.1.9.4}{\376\377\000F\000i\000e\000l\000d\000\040\000C\000u\000r\000v\000a\000t\000u\000r\000e}{subsection.1.9}% 14
\BOOKMARK [3][-]{subsubsection.1.9.5}{\376\377\000C\000h\000r\000o\000m\000a\000t\000i\000c\000\040\000a\000b\000e\000r\000r\000a\000t\000i\000o\000n}{subsection.1.9}% 15
\BOOKMARK [3][-]{subsubsection.1.9.6}{\376\377\000C\000h\000r\000o\000m\000a\000t\000i\000c\000\040\000F\000o\000c\000a\000l\000\040\000S\000h\000i\000f\000t}{subsection.1.9}% 16
\BOOKMARK [2][-]{subsection.1.10}{\376\377\000F\000i\000l\000t\000e\000r\000\040\000t\000y\000p\000e\000s}{section.1}% 17
\BOOKMARK [3][-]{subsubsection.1.10.1}{\376\377\000I\000R\000-\000c\000u\000t\000\040\000f\000i\000l\000t\000e\000r\000s}{subsection.1.10}% 18
\BOOKMARK [3][-]{subsubsection.1.10.2}{\376\377\000B\000a\000y\000e\000r\000\040\000f\000i\000l\000t\000e\000r\000s\000\040\000v\000s\000.\000\040\000m\000o\000n\000o\000c\000h\000r\000o\000m\000e\000\040\000s\000e\000n\000s\000o\000r\000s}{subsection.1.10}% 19
\BOOKMARK [3][-]{subsubsection.1.10.3}{\376\377\000B\000a\000n\000d\000p\000a\000s\000s\000\040\000\046\000\040\000N\000D\000\040\000f\000i\000l\000t\000e\000r\000s}{subsection.1.10}% 20
\BOOKMARK [1][-]{section.2}{\376\377\000I\000m\000a\000g\000e\000\040\000S\000e\000n\000s\000o\000r\000s\000\040\000\046\000\040\000S\000i\000g\000n\000a\000l\000\040\000C\000o\000n\000v\000e\000r\000s\000i\000o\000n}{}% 21
\BOOKMARK [2][-]{subsection.2.1}{\376\377\000P\000h\000o\000t\000o\000d\000i\000o\000d\000e\000s}{section.2}% 22
\BOOKMARK [3][-]{subsubsection.2.1.1}{\376\377\000P\000h\000o\000t\000o\000e\000l\000e\000c\000t\000r\000i\000c\000\040\000e\000f\000f\000e\000c\000t}{subsection.2.1}% 23
\BOOKMARK [3][-]{subsubsection.2.1.2}{\376\377\000Q\000u\000a\000n\000t\000u\000m\000\040\000e\000f\000f\000i\000c\000i\000e\000n\000c\000y}{subsection.2.1}% 24
\BOOKMARK [3][-]{subsubsection.2.1.3}{\376\377\000C\000h\000a\000r\000g\000e\000\040\000a\000c\000c\000u\000m\000u\000l\000a\000t\000i\000o\000n}{subsection.2.1}% 25
\BOOKMARK [3][-]{subsubsection.2.1.4}{\376\377\000F\000u\000l\000l\000\040\000w\000e\000l\000l}{subsection.2.1}% 26
\BOOKMARK [3][-]{subsubsection.2.1.5}{\376\377\000S\000a\000t\000u\000r\000a\000t\000i\000o\000n}{subsection.2.1}% 27
\BOOKMARK [3][-]{subsubsection.2.1.6}{\376\377\000S\000i\000g\000n\000a\000l\000\040\000t\000o\000\040\000N\000o\000i\000s\000e\000\040\000R\000a\000t\000i\000o}{subsection.2.1}% 28
\BOOKMARK [2][-]{subsection.2.2}{\376\377\000S\000e\000n\000s\000o\000r\000s}{section.2}% 29
\BOOKMARK [3][-]{subsubsection.2.2.1}{\376\377\000C\000C\000D}{subsection.2.2}% 30
\BOOKMARK [3][-]{subsubsection.2.2.2}{\376\377\000C\000M\000O\000S}{subsection.2.2}% 31
\BOOKMARK [3][-]{subsubsection.2.2.3}{\376\377\000P\000e\000r\000f\000o\000r\000m\000a\000n\000c\000e}{subsection.2.2}% 32
\BOOKMARK [3][-]{subsubsection.2.2.4}{\376\377\000A\000r\000c\000h\000i\000t\000e\000c\000t\000u\000r\000e}{subsection.2.2}% 33
\BOOKMARK [3][-]{subsubsection.2.2.5}{\376\377\000S\000h\000u\000t\000t\000e\000r}{subsection.2.2}% 34
\BOOKMARK [3][-]{subsubsection.2.2.6}{\376\377\000O\000v\000e\000r\000a\000l\000l\000\040\000A\000d\000v\000a\000n\000t\000a\000g\000e\000s\000\040\000v\000s\000.\000\040\000D\000i\000s\000a\000d\000v\000a\000n\000t\000a\000g\000e\000s}{subsection.2.2}% 35
\BOOKMARK [2][-]{subsection.2.3}{\376\377\000P\000i\000x\000e\000l\000\040\000A\000r\000c\000h\000i\000t\000e\000c\000t\000u\000r\000e}{section.2}% 36
\BOOKMARK [3][-]{subsubsection.2.3.1}{\376\377\000M\000i\000c\000r\000o\000l\000e\000n\000s}{subsection.2.3}% 37
\BOOKMARK [3][-]{subsubsection.2.3.2}{\376\377\000P\000i\000x\000e\000l\000\040\000B\000i\000n\000n\000i\000n\000g}{subsection.2.3}% 38
\BOOKMARK [3][-]{subsubsection.2.3.3}{\376\377\000B\000a\000c\000k\000-\000s\000i\000d\000e\000\040\000I\000l\000l\000u\000m\000i\000n\000a\000t\000i\000o\000n}{subsection.2.3}% 39
\BOOKMARK [3][-]{subsubsection.2.3.4}{\376\377\000R\000e\000s\000o\000l\000u\000t\000i\000o\000n\000\040\000v\000s\000\040\000s\000e\000n\000s\000i\000t\000i\000v\000i\000t\000y\000\040\000t\000r\000a\000d\000e\000-\000o\000f\000f}{subsection.2.3}% 40
\BOOKMARK [2][-]{subsection.2.4}{\376\377\000A\000n\000a\000l\000o\000g\000\040\000S\000i\000g\000n\000a\000l\000\040\000P\000r\000o\000c\000e\000s\000s\000i\000n\000g}{section.2}% 41
\BOOKMARK [3][-]{subsubsection.2.4.1}{\376\377\000S\000i\000g\000n\000a\000l\000\040\000C\000h\000a\000i\000n}{subsection.2.4}% 42
\BOOKMARK [3][-]{subsubsection.2.4.2}{\376\377\000N\000o\000i\000s\000e\000\040\000T\000y\000p\000e\000s}{subsection.2.4}% 43
\BOOKMARK [2][-]{subsection.2.5}{\376\377\000S\000e\000n\000s\000o\000r\000\040\000C\000o\000n\000t\000r\000o\000l\000\040\000I\000n\000t\000e\000r\000f\000a\000c\000e\000s}{section.2}% 44
\BOOKMARK [3][-]{subsubsection.2.5.1}{\376\377\000O\000v\000e\000r\000v\000i\000e\000w}{subsection.2.5}% 45
\BOOKMARK [3][-]{subsubsection.2.5.2}{\376\377\000F\000e\000a\000t\000u\000r\000e\000s}{subsection.2.5}% 46
\BOOKMARK [3][-]{subsubsection.2.5.3}{\376\377\000C\000o\000m\000m\000u\000n\000i\000c\000a\000t\000i\000o\000n\000\040\000P\000r\000o\000t\000o\000c\000o\000l}{subsection.2.5}% 47
\BOOKMARK [3][-]{subsubsection.2.5.4}{\376\377\000R\000e\000g\000i\000s\000t\000e\000r\000\040\000C\000o\000n\000t\000r\000o\000l}{subsection.2.5}% 48
\BOOKMARK [1][-]{section.3}{\376\377\000I\000m\000a\000g\000e\000\040\000P\000r\000o\000c\000e\000s\000s\000i\000n\000g\000\040\000P\000i\000p\000e\000l\000i\000n\000e}{}% 49
\BOOKMARK [2][-]{subsection.3.1}{\376\377\000D\000e\000m\000o\000s\000a\000i\000c\000i\000n\000g\000\040\000a\000n\000d\000\040\000B\000a\000y\000e\000r\000\040\000p\000a\000t\000t\000e\000r\000n\000\040\000r\000e\000c\000o\000n\000s\000t\000r\000u\000c\000t\000i\000o\000n}{section.3}% 50
\BOOKMARK [3][-]{subsubsection.3.1.1}{\376\377\000B\000i\000l\000i\000n\000e\000a\000r\000\040\000v\000s\000\040\000e\000d\000g\000e\000-\000a\000w\000a\000r\000e\000\040\000a\000l\000g\000o\000r\000i\000t\000h\000m\000s}{subsection.3.1}% 51
\BOOKMARK [2][-]{subsection.3.2}{\376\377\000W\000h\000i\000t\000e\000\040\000B\000a\000l\000a\000n\000c\000e\000,\000\040\000G\000a\000m\000m\000a\000,\000\040\000a\000n\000d\000\040\000E\000x\000p\000o\000s\000u\000r\000e\000\040\000C\000o\000n\000t\000r\000o\000l}{section.3}% 52
\BOOKMARK [3][-]{subsubsection.3.2.1}{\376\377\000W\000h\000i\000t\000e\000\040\000B\000a\000l\000a\000n\000c\000e}{subsection.3.2}% 53
\BOOKMARK [3][-]{subsubsection.3.2.2}{\376\377\000G\000a\000m\000m\000a\000\040\000C\000o\000r\000r\000e\000c\000t\000i\000o\000n}{subsection.3.2}% 54
\BOOKMARK [3][-]{subsubsection.3.2.3}{\376\377\000E\000x\000p\000o\000s\000u\000r\000e\000\040\000C\000o\000n\000t\000r\000o\000l}{subsection.3.2}% 55
\BOOKMARK [2][-]{subsection.3.3}{\376\377\000N\000o\000i\000s\000e\000\040\000R\000e\000d\000u\000c\000t\000i\000o\000n\000\040\000a\000n\000d\000\040\000S\000h\000a\000r\000p\000e\000n\000i\000n\000g}{section.3}% 56
\BOOKMARK [3][-]{subsubsection.3.3.1}{\376\377\000C\000o\000n\000v\000o\000l\000u\000t\000i\000o\000n\000s}{subsection.3.3}% 57
\BOOKMARK [3][-]{subsubsection.3.3.2}{\376\377\000A\000v\000e\000r\000a\000g\000e\000\040\000S\000m\000o\000o\000t\000h\000i\000n\000g}{subsection.3.3}% 58
\BOOKMARK [3][-]{subsubsection.3.3.3}{\376\377\000G\000a\000u\000s\000s\000i\000a\000n\000\040\000F\000i\000l\000t\000e\000r}{subsection.3.3}% 59
\BOOKMARK [3][-]{subsubsection.3.3.4}{\376\377\000M\000e\000d\000i\000a\000n\000\040\000F\000i\000l\000t\000e\000r}{subsection.3.3}% 60
\BOOKMARK [3][-]{subsubsection.3.3.5}{\376\377\000B\000i\000l\000a\000t\000e\000r\000a\000l\000\040\000F\000i\000l\000t\000e\000r}{subsection.3.3}% 61
\BOOKMARK [3][-]{subsubsection.3.3.6}{\376\377\000N\000o\000n\000l\000o\000c\000a\000l\000\040\000M\000e\000a\000n\000s}{subsection.3.3}% 62
\BOOKMARK [3][-]{subsubsection.3.3.7}{\376\377\000W\000e\000i\000n\000e\000r\000\040\000F\000i\000l\000t\000e\000r}{subsection.3.3}% 63
\BOOKMARK [3][-]{subsubsection.3.3.8}{\376\377\000S\000h\000a\000r\000p\000n\000e\000s\000s\000\040\000v\000s\000.\000\040\000A\000r\000t\000i\000f\000a\000c\000t\000s}{subsection.3.3}% 64
\BOOKMARK [2][-]{subsection.3.4}{\376\377\000C\000o\000l\000o\000u\000r\000\040\000S\000p\000a\000c\000e\000\040\000a\000n\000d\000\040\000C\000o\000n\000v\000e\000r\000s\000i\000o\000n}{section.3}% 65
\BOOKMARK [3][-]{subsubsection.3.4.1}{\376\377\000R\000G\000B}{subsection.3.4}% 66
\BOOKMARK [3][-]{subsubsection.3.4.2}{\376\377\000Y\000'\000U\000V}{subsection.3.4}% 67
\BOOKMARK [3][-]{subsubsection.3.4.3}{\376\377\000H\000S\000V}{subsection.3.4}% 68
\BOOKMARK [3][-]{subsubsection.3.4.4}{\376\377\000C\000h\000r\000o\000m\000a\000\040\000S\000u\000b\000s\000a\000m\000p\000l\000i\000n\000g}{subsection.3.4}% 69
\BOOKMARK [2][-]{subsection.3.5}{\376\377\000I\000m\000a\000g\000e\000\040\000C\000o\000m\000p\000r\000e\000s\000s\000i\000o\000n\000\040\000a\000n\000d\000\040\000F\000i\000l\000e\000\040\000F\000o\000r\000m\000a\000t\000s}{section.3}% 70
\BOOKMARK [3][-]{subsubsection.3.5.1}{\376\377\000L\000o\000s\000s\000y\000\040\000v\000s\000.\000\040\000L\000o\000s\000s\000l\000e\000s\000s\000\040\000f\000o\000r\000\040\000S\000p\000a\000c\000e\000\040\000A\000p\000p\000l\000i\000c\000a\000t\000i\000o\000n\000s}{subsection.3.5}% 71
\BOOKMARK [3][-]{subsubsection.3.5.2}{\376\377\000R\000A\000W}{subsection.3.5}% 72
\BOOKMARK [3][-]{subsubsection.3.5.3}{\376\377\000D\000N\000G}{subsection.3.5}% 73
\BOOKMARK [3][-]{subsubsection.3.5.4}{\376\377\000G\000I\000F}{subsection.3.5}% 74
\BOOKMARK [3][-]{subsubsection.3.5.5}{\376\377\000P\000N\000G}{subsection.3.5}% 75
\BOOKMARK [3][-]{subsubsection.3.5.6}{\376\377\000J\000P\000E\000G}{subsection.3.5}% 76
\BOOKMARK [3][-]{subsubsection.3.5.7}{\376\377\000B\000i\000t\000\040\000D\000e\000p\000t\000h}{subsection.3.5}% 77
\BOOKMARK [1][-]{section.4}{\376\377\000E\000m\000b\000e\000d\000d\000e\000d\000\040\000C\000o\000n\000t\000r\000o\000l\000,\000\040\000S\000t\000r\000e\000a\000m\000i\000n\000g\000\040\000a\000n\000d\000\040\000I\000n\000t\000e\000r\000f\000a\000c\000e\000s}{}% 78
\BOOKMARK [2][-]{subsection.4.1}{\376\377\000C\000o\000m\000m\000u\000n\000i\000c\000a\000t\000i\000o\000n\000\040\000P\000r\000o\000t\000o\000c\000o\000l\000s}{section.4}% 79
\BOOKMARK [3][-]{subsubsection.4.1.1}{\376\377\000I\0002\000C}{subsection.4.1}% 80
\BOOKMARK [3][-]{subsubsection.4.1.2}{\376\377\000S\000P\000I}{subsection.4.1}% 81
\BOOKMARK [3][-]{subsubsection.4.1.3}{\376\377\000I\0002\000C\000\040\000v\000s\000.\000\040\000S\000P\000I}{subsection.4.1}% 82
\BOOKMARK [2][-]{subsection.4.2}{\376\377\000S\000e\000n\000s\000o\000r\000\040\000I\000n\000i\000t\000i\000a\000l\000i\000s\000a\000t\000i\000o\000n\000\040\000a\000n\000d\000\040\000R\000e\000g\000i\000s\000t\000e\000r\000\040\000C\000o\000n\000f\000i\000g\000u\000r\000a\000t\000i\000o\000n}{section.4}% 83
