This is pdfTeX, Version 3.141592653-2.6-1.40.25 (MiKTeX 24.1) (preloaded format=pdflatex 2025.2.26)  27 JUL 2025 16:56
entering extended mode
 restricted \write18 enabled.
 file:line:error style messages enabled.
 %&-line parsing enabled.
**"c:/Users/felix/OneDrive/Desktop/LATEX/C2S/Literature Review/C2S-Literature-Review.tex"
(c:/Users/felix/OneDrive/Desktop/LATEX/C2S/Literature Review/C2S-Literature-Review.tex
LaTeX2e <2023-11-01> patch level 1
L3 programming layer <2024-01-04>
(C:\Users\felix\AppData\Local\Programs\MiKTeX\tex/latex/base\article.cls
Document Class: article 2023/05/17 v1.4n Standard LaTeX document class
(C:\Users\felix\AppData\Local\Programs\MiKTeX\tex/latex/base\size10.clo
File: size10.clo 2023/05/17 v1.4n Standard LaTeX file (size option)
)
\c@part=\count187
\c@section=\count188
\c@subsection=\count189
\c@subsubsection=\count190
\c@paragraph=\count191
\c@subparagraph=\count192
\c@figure=\count193
\c@table=\count194
\abovecaptionskip=\skip48
\belowcaptionskip=\skip49
\bibindent=\dimen140
) (C:\Users\felix\AppData\Local\Programs\MiKTeX\tex/latex/graphics\graphicx.sty
Package: graphicx 2021/09/16 v1.2d Enhanced LaTeX Graphics (DPC,SPQR)
 (C:\Users\felix\AppData\Local\Programs\MiKTeX\tex/latex/graphics\keyval.sty
Package: keyval 2022/05/29 v1.15 key=value parser (DPC)
\KV@toks@=\toks17
) (C:\Users\felix\AppData\Local\Programs\MiKTeX\tex/latex/graphics\graphics.sty
Package: graphics 2022/03/10 v1.4e Standard LaTeX Graphics (DPC,SPQR)
 (C:\Users\felix\AppData\Local\Programs\MiKTeX\tex/latex/graphics\trig.sty
Package: trig 2021/08/11 v1.11 sin cos tan (DPC)
) (C:\Users\felix\AppData\Local\Programs\MiKTeX\tex/latex/graphics-cfg\graphics.cfg
File: graphics.cfg 2016/06/04 v1.11 sample graphics configuration
)
Package graphics Info: Driver file: pdftex.def on input line 107.
 (C:\Users\felix\AppData\Local\Programs\MiKTeX\tex/latex/graphics-def\pdftex.def
File: pdftex.def 2022/09/22 v1.2b Graphics/color driver for pdftex
))
\Gin@req@height=\dimen141
\Gin@req@width=\dimen142
) (C:\Users\felix\AppData\Local\Programs\MiKTeX\tex/latex/geometry\geometry.sty
Package: geometry 2020/01/02 v5.9 Page Geometry
 (C:\Users\felix\AppData\Local\Programs\MiKTeX\tex/generic/iftex\ifvtex.sty
Package: ifvtex 2019/10/25 v1.7 ifvtex legacy package. Use iftex instead.
 (C:\Users\felix\AppData\Local\Programs\MiKTeX\tex/generic/iftex\iftex.sty
Package: iftex 2022/02/03 v1.0f TeX engine tests
))
\Gm@cnth=\count195
\Gm@cntv=\count196
\c@Gm@tempcnt=\count197
\Gm@bindingoffset=\dimen143
\Gm@wd@mp=\dimen144
\Gm@odd@mp=\dimen145
\Gm@even@mp=\dimen146
\Gm@layoutwidth=\dimen147
\Gm@layoutheight=\dimen148
\Gm@layouthoffset=\dimen149
\Gm@layoutvoffset=\dimen150
\Gm@dimlist=\toks18
 (C:\Users\felix\AppData\Local\Programs\MiKTeX\tex/latex/geometry\geometry.cfg)) (C:\Users\felix\AppData\Local\Programs\MiKTeX\tex/latex/titling\titling.sty
Package: titling 2009/09/04 v2.1d maketitle typesetting
\thanksmarkwidth=\skip50
\thanksmargin=\skip51
\droptitle=\skip52
) (C:\Users\felix\AppData\Local\Programs\MiKTeX\tex/latex/fancyhdr\fancyhdr.sty
Package: fancyhdr 2025/02/07 v5.2 Extensive control of page headers and footers
\f@nch@headwidth=\skip53
\f@nch@offset@elh=\skip54
\f@nch@offset@erh=\skip55
\f@nch@offset@olh=\skip56
\f@nch@offset@orh=\skip57
\f@nch@offset@elf=\skip58
\f@nch@offset@erf=\skip59
\f@nch@offset@olf=\skip60
\f@nch@offset@orf=\skip61
\f@nch@height=\skip62
\f@nch@footalignment=\skip63
\f@nch@widthL=\skip64
\f@nch@widthC=\skip65
\f@nch@widthR=\skip66
\@temptokenb=\toks19
) (C:\Users\felix\AppData\Local\Programs\MiKTeX\tex/latex/lm\lmodern.sty
Package: lmodern 2015/05/01 v1.6.1 Latin Modern Fonts
LaTeX Font Info:    Overwriting symbol font `operators' in version `normal'
(Font)                  OT1/cmr/m/n --> OT1/lmr/m/n on input line 22.
LaTeX Font Info:    Overwriting symbol font `letters' in version `normal'
(Font)                  OML/cmm/m/it --> OML/lmm/m/it on input line 23.
LaTeX Font Info:    Overwriting symbol font `symbols' in version `normal'
(Font)                  OMS/cmsy/m/n --> OMS/lmsy/m/n on input line 24.
LaTeX Font Info:    Overwriting symbol font `largesymbols' in version `normal'
(Font)                  OMX/cmex/m/n --> OMX/lmex/m/n on input line 25.
LaTeX Font Info:    Overwriting symbol font `operators' in version `bold'
(Font)                  OT1/cmr/bx/n --> OT1/lmr/bx/n on input line 26.
LaTeX Font Info:    Overwriting symbol font `letters' in version `bold'
(Font)                  OML/cmm/b/it --> OML/lmm/b/it on input line 27.
LaTeX Font Info:    Overwriting symbol font `symbols' in version `bold'
(Font)                  OMS/cmsy/b/n --> OMS/lmsy/b/n on input line 28.
LaTeX Font Info:    Overwriting symbol font `largesymbols' in version `bold'
(Font)                  OMX/cmex/m/n --> OMX/lmex/m/n on input line 29.
LaTeX Font Info:    Overwriting math alphabet `\mathbf' in version `normal'
(Font)                  OT1/cmr/bx/n --> OT1/lmr/bx/n on input line 31.
LaTeX Font Info:    Overwriting math alphabet `\mathsf' in version `normal'
(Font)                  OT1/cmss/m/n --> OT1/lmss/m/n on input line 32.
LaTeX Font Info:    Overwriting math alphabet `\mathit' in version `normal'
(Font)                  OT1/cmr/m/it --> OT1/lmr/m/it on input line 33.
LaTeX Font Info:    Overwriting math alphabet `\mathtt' in version `normal'
(Font)                  OT1/cmtt/m/n --> OT1/lmtt/m/n on input line 34.
LaTeX Font Info:    Overwriting math alphabet `\mathbf' in version `bold'
(Font)                  OT1/cmr/bx/n --> OT1/lmr/bx/n on input line 35.
LaTeX Font Info:    Overwriting math alphabet `\mathsf' in version `bold'
(Font)                  OT1/cmss/bx/n --> OT1/lmss/bx/n on input line 36.
LaTeX Font Info:    Overwriting math alphabet `\mathit' in version `bold'
(Font)                  OT1/cmr/bx/it --> OT1/lmr/bx/it on input line 37.
LaTeX Font Info:    Overwriting math alphabet `\mathtt' in version `bold'
(Font)                  OT1/cmtt/m/n --> OT1/lmtt/m/n on input line 38.
) (C:\Users\felix\AppData\Local\Programs\MiKTeX\tex/latex/hyperref\hyperref.sty
Package: hyperref 2023-11-26 v7.01g Hypertext links for LaTeX
 (C:\Users\felix\AppData\Local\Programs\MiKTeX\tex/generic/infwarerr\infwarerr.sty
Package: infwarerr 2019/12/03 v1.5 Providing info/warning/error messages (HO)
) (C:\Users\felix\AppData\Local\Programs\MiKTeX\tex/latex/kvsetkeys\kvsetkeys.sty
Package: kvsetkeys 2022-10-05 v1.19 Key value parser (HO)
) (C:\Users\felix\AppData\Local\Programs\MiKTeX\tex/generic/kvdefinekeys\kvdefinekeys.sty
Package: kvdefinekeys 2019-12-19 v1.6 Define keys (HO)
) (C:\Users\felix\AppData\Local\Programs\MiKTeX\tex/generic/pdfescape\pdfescape.sty
Package: pdfescape 2019/12/09 v1.15 Implements pdfTeX's escape features (HO)
 (C:\Users\felix\AppData\Local\Programs\MiKTeX\tex/generic/ltxcmds\ltxcmds.sty
Package: ltxcmds 2023-12-04 v1.26 LaTeX kernel commands for general use (HO)
) (C:\Users\felix\AppData\Local\Programs\MiKTeX\tex/generic/pdftexcmds\pdftexcmds.sty
Package: pdftexcmds 2020-06-27 v0.33 Utility functions of pdfTeX for LuaTeX (HO)
Package pdftexcmds Info: \pdf@primitive is available.
Package pdftexcmds Info: \pdf@ifprimitive is available.
Package pdftexcmds Info: \pdfdraftmode found.
)) (C:\Users\felix\AppData\Local\Programs\MiKTeX\tex/latex/hycolor\hycolor.sty
Package: hycolor 2020-01-27 v1.10 Color options for hyperref/bookmark (HO)
) (C:\Users\felix\AppData\Local\Programs\MiKTeX\tex/latex/letltxmacro\letltxmacro.sty
Package: letltxmacro 2019/12/03 v1.6 Let assignment for LaTeX macros (HO)
) (C:\Users\felix\AppData\Local\Programs\MiKTeX\tex/latex/auxhook\auxhook.sty
Package: auxhook 2019-12-17 v1.6 Hooks for auxiliary files (HO)
) (C:\Users\felix\AppData\Local\Programs\MiKTeX\tex/latex/hyperref\nameref.sty
Package: nameref 2023-11-26 v2.56 Cross-referencing by name of section
 (C:\Users\felix\AppData\Local\Programs\MiKTeX\tex/latex/refcount\refcount.sty
Package: refcount 2019/12/15 v3.6 Data extraction from label references (HO)
) (C:\Users\felix\AppData\Local\Programs\MiKTeX\tex/generic/gettitlestring\gettitlestring.sty
Package: gettitlestring 2019/12/15 v1.6 Cleanup title references (HO)
 (C:\Users\felix\AppData\Local\Programs\MiKTeX\tex/latex/kvoptions\kvoptions.sty
Package: kvoptions 2022-06-15 v3.15 Key value format for package options (HO)
))
\c@section@level=\count198
) (C:\Users\felix\AppData\Local\Programs\MiKTeX\tex/latex/etoolbox\etoolbox.sty
Package: etoolbox 2020/10/05 v2.5k e-TeX tools for LaTeX (JAW)
\etb@tempcnta=\count199
)
\@linkdim=\dimen151
\Hy@linkcounter=\count266
\Hy@pagecounter=\count267
 (C:\Users\felix\AppData\Local\Programs\MiKTeX\tex/latex/hyperref\pd1enc.def
File: pd1enc.def 2023-11-26 v7.01g Hyperref: PDFDocEncoding definition (HO)
Now handling font encoding PD1 ...
... no UTF-8 mapping file for font encoding PD1
) (C:\Users\felix\AppData\Local\Programs\MiKTeX\tex/generic/intcalc\intcalc.sty
Package: intcalc 2019/12/15 v1.3 Expandable calculations with integers (HO)
)
\Hy@SavedSpaceFactor=\count268
 (C:\Users\felix\AppData\Local\Programs\MiKTeX\tex/latex/hyperref\puenc.def
File: puenc.def 2023-11-26 v7.01g Hyperref: PDF Unicode definition (HO)
Now handling font encoding PU ...
... no UTF-8 mapping file for font encoding PU
)
Package hyperref Info: Hyper figures OFF on input line 4181.
Package hyperref Info: Link nesting OFF on input line 4186.
Package hyperref Info: Hyper index ON on input line 4189.
Package hyperref Info: Plain pages OFF on input line 4196.
Package hyperref Info: Backreferencing OFF on input line 4201.
Package hyperref Info: Implicit mode ON; LaTeX internals redefined.
Package hyperref Info: Bookmarks ON on input line 4448.
\c@Hy@tempcnt=\count269
 (C:\Users\felix\AppData\Local\Programs\MiKTeX\tex/latex/url\url.sty
\Urlmuskip=\muskip16
Package: url 2013/09/16  ver 3.4  Verb mode for urls, etc.
)
LaTeX Info: Redefining \url on input line 4786.
\XeTeXLinkMargin=\dimen152
 (C:\Users\felix\AppData\Local\Programs\MiKTeX\tex/generic/bitset\bitset.sty
Package: bitset 2019/12/09 v1.3 Handle bit-vector datatype (HO)
 (C:\Users\felix\AppData\Local\Programs\MiKTeX\tex/generic/bigintcalc\bigintcalc.sty
Package: bigintcalc 2019/12/15 v1.5 Expandable calculations on big integers (HO)
))
\Fld@menulength=\count270
\Field@Width=\dimen153
\Fld@charsize=\dimen154
Package hyperref Info: Hyper figures OFF on input line 6065.
Package hyperref Info: Link nesting OFF on input line 6070.
Package hyperref Info: Hyper index ON on input line 6073.
Package hyperref Info: backreferencing OFF on input line 6080.
Package hyperref Info: Link coloring OFF on input line 6085.
Package hyperref Info: Link coloring with OCG OFF on input line 6090.
Package hyperref Info: PDF/A mode OFF on input line 6095.
 (C:\Users\felix\AppData\Local\Programs\MiKTeX\tex/latex/base\atbegshi-ltx.sty
Package: atbegshi-ltx 2021/01/10 v1.0c Emulation of the original atbegshi
package with kernel methods
)
\Hy@abspage=\count271
\c@Item=\count272
\c@Hfootnote=\count273
)
Package hyperref Info: Driver (autodetected): hpdftex.
 (C:\Users\felix\AppData\Local\Programs\MiKTeX\tex/latex/hyperref\hpdftex.def
File: hpdftex.def 2023-11-26 v7.01g Hyperref driver for pdfTeX
 (C:\Users\felix\AppData\Local\Programs\MiKTeX\tex/latex/base\atveryend-ltx.sty
Package: atveryend-ltx 2020/08/19 v1.0a Emulation of the original atveryend package
with kernel methods
)
\Fld@listcount=\count274
\c@bookmark@seq@number=\count275
 (C:\Users\felix\AppData\Local\Programs\MiKTeX\tex/latex/rerunfilecheck\rerunfilecheck.sty
Package: rerunfilecheck 2022-07-10 v1.10 Rerun checks for auxiliary files (HO)
 (C:\Users\felix\AppData\Local\Programs\MiKTeX\tex/generic/uniquecounter\uniquecounter.sty
Package: uniquecounter 2019/12/15 v1.4 Provide unlimited unique counter (HO)
)
Package uniquecounter Info: New unique counter `rerunfilecheck' on input line 285.
)
\Hy@SectionHShift=\skip67
) (C:\Users\felix\AppData\Local\Programs\MiKTeX\tex/latex/float\float.sty
Package: float 2001/11/08 v1.3d Float enhancements (AL)
\c@float@type=\count276
\float@exts=\toks20
\float@box=\box51
\@float@everytoks=\toks21
\@floatcapt=\box52
) (C:\Users\felix\AppData\Local\Programs\MiKTeX\tex/latex/xcolor\xcolor.sty
Package: xcolor 2023/11/15 v3.01 LaTeX color extensions (UK)
 (C:\Users\felix\AppData\Local\Programs\MiKTeX\tex/latex/graphics-cfg\color.cfg
File: color.cfg 2016/01/02 v1.6 sample color configuration
)
Package xcolor Info: Driver file: pdftex.def on input line 274.
 (C:\Users\felix\AppData\Local\Programs\MiKTeX\tex/latex/graphics\mathcolor.ltx)
Package xcolor Info: Model `cmy' substituted by `cmy0' on input line 1350.
Package xcolor Info: Model `hsb' substituted by `rgb' on input line 1354.
Package xcolor Info: Model `RGB' extended on input line 1366.
Package xcolor Info: Model `HTML' substituted by `rgb' on input line 1368.
Package xcolor Info: Model `Hsb' substituted by `hsb' on input line 1369.
Package xcolor Info: Model `tHsb' substituted by `hsb' on input line 1370.
Package xcolor Info: Model `HSB' substituted by `hsb' on input line 1371.
Package xcolor Info: Model `Gray' substituted by `gray' on input line 1372.
Package xcolor Info: Model `wave' substituted by `hsb' on input line 1373.
) (C:\Users\felix\AppData\Local\Programs\MiKTeX\tex/latex/mathtools\mathtools.sty
Package: mathtools 2024/10/04 v1.31 mathematical typesetting tools
 (C:\Users\felix\AppData\Local\Programs\MiKTeX\tex/latex/tools\calc.sty
Package: calc 2023/07/08 v4.3 Infix arithmetic (KKT,FJ)
\calc@Acount=\count277
\calc@Bcount=\count278
\calc@Adimen=\dimen155
\calc@Bdimen=\dimen156
\calc@Askip=\skip68
\calc@Bskip=\skip69
LaTeX Info: Redefining \setlength on input line 80.
LaTeX Info: Redefining \addtolength on input line 81.
\calc@Ccount=\count279
\calc@Cskip=\skip70
) (C:\Users\felix\AppData\Local\Programs\MiKTeX\tex/latex/mathtools\mhsetup.sty
Package: mhsetup 2021/03/18 v1.4 programming setup (MH)
) (C:\Users\felix\AppData\Local\Programs\MiKTeX\tex/latex/amsmath\amsmath.sty
Package: amsmath 2023/05/13 v2.17o AMS math features
\@mathmargin=\skip71

For additional information on amsmath, use the `?' option.
(C:\Users\felix\AppData\Local\Programs\MiKTeX\tex/latex/amsmath\amstext.sty
Package: amstext 2021/08/26 v2.01 AMS text
 (C:\Users\felix\AppData\Local\Programs\MiKTeX\tex/latex/amsmath\amsgen.sty
File: amsgen.sty 1999/11/30 v2.0 generic functions
\@emptytoks=\toks22
\ex@=\dimen157
)) (C:\Users\felix\AppData\Local\Programs\MiKTeX\tex/latex/amsmath\amsbsy.sty
Package: amsbsy 1999/11/29 v1.2d Bold Symbols
\pmbraise@=\dimen158
) (C:\Users\felix\AppData\Local\Programs\MiKTeX\tex/latex/amsmath\amsopn.sty
Package: amsopn 2022/04/08 v2.04 operator names
)
\inf@bad=\count280
LaTeX Info: Redefining \frac on input line 234.
\uproot@=\count281
\leftroot@=\count282
LaTeX Info: Redefining \overline on input line 399.
LaTeX Info: Redefining \colon on input line 410.
\classnum@=\count283
\DOTSCASE@=\count284
LaTeX Info: Redefining \ldots on input line 496.
LaTeX Info: Redefining \dots on input line 499.
LaTeX Info: Redefining \cdots on input line 620.
\Mathstrutbox@=\box53
\strutbox@=\box54
LaTeX Info: Redefining \big on input line 722.
LaTeX Info: Redefining \Big on input line 723.
LaTeX Info: Redefining \bigg on input line 724.
LaTeX Info: Redefining \Bigg on input line 725.
\big@size=\dimen159
LaTeX Font Info:    Redeclaring font encoding OML on input line 743.
LaTeX Font Info:    Redeclaring font encoding OMS on input line 744.
\macc@depth=\count285
LaTeX Info: Redefining \bmod on input line 905.
LaTeX Info: Redefining \pmod on input line 910.
LaTeX Info: Redefining \smash on input line 940.
LaTeX Info: Redefining \relbar on input line 970.
LaTeX Info: Redefining \Relbar on input line 971.
\c@MaxMatrixCols=\count286
\dotsspace@=\muskip17
\c@parentequation=\count287
\dspbrk@lvl=\count288
\tag@help=\toks23
\row@=\count289
\column@=\count290
\maxfields@=\count291
\andhelp@=\toks24
\eqnshift@=\dimen160
\alignsep@=\dimen161
\tagshift@=\dimen162
\tagwidth@=\dimen163
\totwidth@=\dimen164
\lineht@=\dimen165
\@envbody=\toks25
\multlinegap=\skip72
\multlinetaggap=\skip73
\mathdisplay@stack=\toks26
LaTeX Info: Redefining \[ on input line 2953.
LaTeX Info: Redefining \] on input line 2954.
)
\g_MT_multlinerow_int=\count292
\l_MT_multwidth_dim=\dimen166
\origjot=\skip74
\l_MT_shortvdotswithinadjustabove_dim=\dimen167
\l_MT_shortvdotswithinadjustbelow_dim=\dimen168
\l_MT_above_intertext_sep=\dimen169
\l_MT_below_intertext_sep=\dimen170
\l_MT_above_shortintertext_sep=\dimen171
\l_MT_below_shortintertext_sep=\dimen172
\xmathstrut@box=\box55
\xmathstrut@dim=\dimen173
) (C:\Users\felix\AppData\Local\Programs\MiKTeX\tex/latex/tools\multicol.sty
Package: multicol 2023/03/30 v1.9f multicolumn formatting (FMi)
\c@tracingmulticols=\count293
\mult@box=\box56
\multicol@leftmargin=\dimen174
\c@unbalance=\count294
\c@collectmore=\count295
\doublecol@number=\count296
\multicoltolerance=\count297
\multicolpretolerance=\count298
\full@width=\dimen175
\page@free=\dimen176
\premulticols=\dimen177
\postmulticols=\dimen178
\multicolsep=\skip75
\multicolbaselineskip=\skip76
\partial@page=\box57
\last@line=\box58
\mc@boxedresult=\box59
\maxbalancingoverflow=\dimen179
\mult@rightbox=\box60
\mult@grightbox=\box61
\mult@firstbox=\box62
\mult@gfirstbox=\box63
\@tempa=\box64
\@tempa=\box65
\@tempa=\box66
\@tempa=\box67
\@tempa=\box68
\@tempa=\box69
\@tempa=\box70
\@tempa=\box71
\@tempa=\box72
\@tempa=\box73
\@tempa=\box74
\@tempa=\box75
\@tempa=\box76
\@tempa=\box77
\@tempa=\box78
\@tempa=\box79
\@tempa=\box80
\@tempa=\box81
\@tempa=\box82
\@tempa=\box83
\@tempa=\box84
\@tempa=\box85
\@tempa=\box86
\@tempa=\box87
\@tempa=\box88
\@tempa=\box89
\@tempa=\box90
\@tempa=\box91
\@tempa=\box92
\@tempa=\box93
\@tempa=\box94
\@tempa=\box95
\@tempa=\box96
\@tempa=\box97
\@tempa=\box98
\@tempa=\box99
\c@minrows=\count299
\c@columnbadness=\count300
\c@finalcolumnbadness=\count301
\last@try=\dimen180
\multicolovershoot=\dimen181
\multicolundershoot=\dimen182
\mult@nat@firstbox=\box100
\colbreak@box=\box101
\mc@col@check@num=\count302
) (C:\Users\felix\AppData\Local\Programs\MiKTeX\tex/latex/ragged2e\ragged2e.sty
Package: ragged2e 2023/06/22 v3.6 ragged2e Package
\CenteringLeftskip=\skip77
\RaggedLeftLeftskip=\skip78
\RaggedRightLeftskip=\skip79
\CenteringRightskip=\skip80
\RaggedLeftRightskip=\skip81
\RaggedRightRightskip=\skip82
\CenteringParfillskip=\skip83
\RaggedLeftParfillskip=\skip84
\RaggedRightParfillskip=\skip85
\JustifyingParfillskip=\skip86
\CenteringParindent=\skip87
\RaggedLeftParindent=\skip88
\RaggedRightParindent=\skip89
\JustifyingParindent=\skip90
) (C:\Users\felix\AppData\Local\Programs\MiKTeX\tex/latex/psnfss\helvet.sty
Package: helvet 2020/03/25 PSNFSS-v9.3 (WaS) 
)
Package hyperref Info: Option `colorlinks' set `true' on input line 41.
LaTeX Font Info:    Trying to load font information for OT1+phv on input line 58.
 (C:\Users\felix\AppData\Local\Programs\MiKTeX\tex/latex/psnfss\ot1phv.fd
File: ot1phv.fd 2020/03/25 scalable font definitions for OT1/phv.
)
LaTeX Font Info:    Font shape `OT1/phv/m/n' will be
(Font)              scaled to size 9.49997pt on input line 58.
 (C:\Users\felix\AppData\Local\Programs\MiKTeX\tex/latex/l3backend\l3backend-pdftex.def
File: l3backend-pdftex.def 2024-01-04 L3 backend support: PDF output (pdfTeX)
\l__color_backend_stack_int=\count303
\l__pdf_internal_box=\box102
) (C2S-Literature-Review.aux)
\openout1 = `C2S-Literature-Review.aux'.

LaTeX Font Info:    Checking defaults for OML/cmm/m/it on input line 58.
LaTeX Font Info:    ... okay on input line 58.
LaTeX Font Info:    Checking defaults for OMS/cmsy/m/n on input line 58.
LaTeX Font Info:    ... okay on input line 58.
LaTeX Font Info:    Checking defaults for OT1/cmr/m/n on input line 58.
LaTeX Font Info:    ... okay on input line 58.
LaTeX Font Info:    Checking defaults for T1/cmr/m/n on input line 58.
LaTeX Font Info:    ... okay on input line 58.
LaTeX Font Info:    Checking defaults for TS1/cmr/m/n on input line 58.
LaTeX Font Info:    ... okay on input line 58.
LaTeX Font Info:    Checking defaults for OMX/cmex/m/n on input line 58.
LaTeX Font Info:    ... okay on input line 58.
LaTeX Font Info:    Checking defaults for U/cmr/m/n on input line 58.
LaTeX Font Info:    ... okay on input line 58.
LaTeX Font Info:    Checking defaults for PD1/pdf/m/n on input line 58.
LaTeX Font Info:    ... okay on input line 58.
LaTeX Font Info:    Checking defaults for PU/pdf/m/n on input line 58.
LaTeX Font Info:    ... okay on input line 58.
 (C:\Users\felix\AppData\Local\Programs\MiKTeX\tex/context/base/mkii\supp-pdf.mkii
[Loading MPS to PDF converter (version 2006.09.02).]
\scratchcounter=\count304
\scratchdimen=\dimen183
\scratchbox=\box103
\nofMPsegments=\count305
\nofMParguments=\count306
\everyMPshowfont=\toks27
\MPscratchCnt=\count307
\MPscratchDim=\dimen184
\MPnumerator=\count308
\makeMPintoPDFobject=\count309
\everyMPtoPDFconversion=\toks28
) (C:\Users\felix\AppData\Local\Programs\MiKTeX\tex/latex/epstopdf-pkg\epstopdf-base.sty
Package: epstopdf-base 2020-01-24 v2.11 Base part for package epstopdf
Package epstopdf-base Info: Redefining graphics rule for `.eps' on input line 485.
 (C:\Users\felix\AppData\Local\Programs\MiKTeX\tex/latex/00miktex\epstopdf-sys.cfg
File: epstopdf-sys.cfg 2021/03/18 v2.0 Configuration of epstopdf for MiKTeX
))
*geometry* driver: auto-detecting
*geometry* detected driver: pdftex
*geometry* verbose mode - [ preamble ] result:
* driver: pdftex
* paper: a4paper
* layout: <same size as paper>
* layoutoffset:(h,v)=(0.0pt,0.0pt)
* modes: 
* h-part:(L,W,R)=(72.26999pt, 452.9679pt, 72.26999pt)
* v-part:(T,H,B)=(72.26999pt, 700.50687pt, 72.26999pt)
* \paperwidth=597.50787pt
* \paperheight=845.04684pt
* \textwidth=452.9679pt
* \textheight=700.50687pt
* \oddsidemargin=0.0pt
* \evensidemargin=0.0pt
* \topmargin=-37.0pt
* \headheight=12.0pt
* \headsep=25.0pt
* \topskip=10.0pt
* \footskip=30.0pt
* \marginparwidth=65.0pt
* \marginparsep=11.0pt
* \columnsep=10.0pt
* \skip\footins=9.0pt plus 4.0pt minus 2.0pt
* \hoffset=0.0pt
* \voffset=0.0pt
* \mag=1000
* \@twocolumnfalse
* \@twosidefalse
* \@mparswitchfalse
* \@reversemarginfalse
* (1in=72.27pt=25.4mm, 1cm=28.453pt)

Package hyperref Info: Link coloring ON on input line 58.
(C2S-Literature-Review.out) (C2S-Literature-Review.out)
\@outlinefile=\write3
\openout3 = `C2S-Literature-Review.out'.

<Images/Cover/Logo_White.png, id=335, 1003.75pt x 301.125pt>
File: Images/Cover/Logo_White.png Graphic file (type png)
<use Images/Cover/Logo_White.png>
Package pdftex.def Info: Images/Cover/Logo_White.png  used on input line 69.
(pdftex.def)             Requested size: 271.7835pt x 81.53456pt.
LaTeX Font Info:    Font shape `OT1/phv/m/n' will be
(Font)              scaled to size 16.41594pt on input line 72.
LaTeX Font Info:    Font shape `OT1/phv/b/n' will be
(Font)              scaled to size 16.41594pt on input line 72.
LaTeX Font Info:    Font shape `OT1/phv/m/n' will be
(Font)              scaled to size 23.63593pt on input line 74.
LaTeX Font Info:    Font shape `OT1/phv/m/n' will be
(Font)              scaled to size 11.39996pt on input line 77.
 [1

{C:/Users/felix/AppData/Local/MiKTeX/fonts/map/pdftex/pdftex.map}{C:/Users/felix/AppData/Local/Programs/MiKTeX/fonts/enc/dvips/base/8r.enc} <./Images/Cover/Logo_White.png>]
LaTeX Font Info:    Font shape `OT1/phv/m/n' will be
(Font)              scaled to size 13.67995pt on input line 91.
LaTeX Font Info:    Font shape `OT1/phv/b/n' will be
(Font)              scaled to size 13.67995pt on input line 91.
 (C2S-Literature-Review.toc
LaTeX Font Info:    Font shape `OT1/phv/b/n' will be
(Font)              scaled to size 9.49997pt on input line 1.
LaTeX Font Info:    Trying to load font information for OT1+lmr on input line 2.
 (C:\Users\felix\AppData\Local\Programs\MiKTeX\tex/latex/lm\ot1lmr.fd
File: ot1lmr.fd 2015/05/01 v1.6.1 Font defs for Latin Modern
)
LaTeX Font Info:    Trying to load font information for OML+lmm on input line 2.
 (C:\Users\felix\AppData\Local\Programs\MiKTeX\tex/latex/lm\omllmm.fd
File: omllmm.fd 2015/05/01 v1.6.1 Font defs for Latin Modern
)
LaTeX Font Info:    Trying to load font information for OMS+lmsy on input line 2.
 (C:\Users\felix\AppData\Local\Programs\MiKTeX\tex/latex/lm\omslmsy.fd
File: omslmsy.fd 2015/05/01 v1.6.1 Font defs for Latin Modern
)
LaTeX Font Info:    Trying to load font information for OMX+lmex on input line 2.
 (C:\Users\felix\AppData\Local\Programs\MiKTeX\tex/latex/lm\omxlmex.fd
File: omxlmex.fd 2015/05/01 v1.6.1 Font defs for Latin Modern
)
LaTeX Font Info:    External font `lmex10' loaded for size
(Font)              <10> on input line 2.
LaTeX Font Info:    External font `lmex10' loaded for size
(Font)              <7> on input line 2.
LaTeX Font Info:    External font `lmex10' loaded for size
(Font)              <5> on input line 2.

pdfTeX warning (ext4): destination with the same identifier (name{page.1}) has been already used, duplicate ignored
<to be read again> 
                   \relax 
l.56 ...uction and Sharpening}{22}{subsection.3.3}
                                                  % [1])
\tf@toc=\write4
\openout4 = `C2S-Literature-Review.toc'.

 [2]
LaTeX Font Info:    Font shape `OT1/phv/b/n' will be
(Font)              scaled to size 11.39996pt on input line 106.
<Images/Week 1/Thick_Lens_Diagram.svg.png, id=436, 803.0pt x 458.71375pt>
File: Images/Week 1/Thick_Lens_Diagram.svg.png Graphic file (type png)
<use Images/Week 1/Thick_Lens_Diagram.svg.png>
Package pdftex.def Info: Images/Week 1/Thick_Lens_Diagram.svg.png  used on input line 117.
(pdftex.def)             Requested size: 221.48395pt x 126.52113pt.

Underfull \hbox (badness 10000) in paragraph at lines 108--120

 []


Underfull \hbox (badness 10000) in paragraph at lines 108--120

 []


Underfull \hbox (badness 10000) in paragraph at lines 108--120

 []

LaTeX Font Info:    Trying to load font information for TS1+phv on input line 123.
(C:\Users\felix\AppData\Local\Programs\MiKTeX\tex/latex/psnfss\ts1phv.fd
File: ts1phv.fd 2020/03/25 scalable font definitions for TS1/phv.
)
LaTeX Font Info:    Font shape `TS1/phv/m/n' will be
(Font)              scaled to size 9.49997pt on input line 123.

Underfull \hbox (badness 10000) in paragraph at lines 129--132

 []


Underfull \hbox (badness 10000) in paragraph at lines 138--143

 []

[3

{C:/Users/felix/AppData/Local/Programs/MiKTeX/fonts/enc/dvips/lm/lm-mathit.enc}{C:/Users/felix/AppData/Local/Programs/MiKTeX/fonts/enc/dvips/lm/lm-rm.enc}{C:/Users/felix/AppData/Local/Programs/MiKTeX/fonts/enc/dvips/lm/lm-mathsy.enc}
pdfTeX warning (ext4): destination with the same identifier (name{figure.1}) has been already used, duplicate ignored
<argument> ...shipout:D \box_use:N \l_shipout_box 
                                                  \__shipout_drop_firstpage_...
l.147 
       <./Images/Week 1/Thick_Lens_Diagram.svg.png>]
Underfull \hbox (badness 10000) in paragraph at lines 149--153

 []


Underfull \hbox (badness 10000) in paragraph at lines 155--159

 []

LaTeX Font Info:    Font shape `OT1/phv/m/it' in size <10> not available
(Font)              Font shape `OT1/phv/m/sl' tried instead on input line 168.
LaTeX Font Info:    Font shape `OT1/phv/m/sl' will be
(Font)              scaled to size 9.49997pt on input line 168.

Underfull \hbox (badness 10000) in paragraph at lines 165--170

 []

[4]
Underfull \hbox (badness 10000) in paragraph at lines 176--185

 []


Underfull \hbox (badness 10000) in paragraph at lines 176--185

 []


Underfull \hbox (badness 10000) in paragraph at lines 176--185

 []


Underfull \hbox (badness 10000) in paragraph at lines 176--185

 []


Underfull \hbox (badness 10000) in paragraph at lines 187--194

 []


Underfull \hbox (badness 10000) in paragraph at lines 187--194

 []


Underfull \hbox (badness 10000) in paragraph at lines 187--194

 []


Underfull \hbox (badness 10000) in paragraph at lines 196--205

 []


Underfull \hbox (badness 10000) in paragraph at lines 196--205

 []


Underfull \hbox (badness 10000) in paragraph at lines 196--205

 []

[5]
Underfull \hbox (badness 10000) in paragraph at lines 223--234

 []


Underfull \hbox (badness 10000) in paragraph at lines 223--234

 []


Underfull \hbox (badness 10000) in paragraph at lines 223--234

 []

[6]
<Images/Week 1/distortion-2.png, id=468, 252.945pt x 117.43875pt>
File: Images/Week 1/distortion-2.png Graphic file (type png)
<use Images/Week 1/distortion-2.png>
Package pdftex.def Info: Images/Week 1/distortion-2.png  used on input line 239.
(pdftex.def)             Requested size: 132.89171pt x 61.70105pt.

Underfull \hbox (badness 10000) in paragraph at lines 248--251

 []


Underfull \hbox (badness 10000) in paragraph at lines 248--251

 []


Underfull \hbox (badness 10000) in paragraph at lines 252--258

 []


Underfull \hbox (badness 10000) in paragraph at lines 252--258

 []


Underfull \hbox (badness 10000) in paragraph at lines 252--258

 []

<Images/Week 1/spherical-abberation.png, id=470, 515.67656pt x 316.93407pt>
File: Images/Week 1/spherical-abberation.png Graphic file (type png)
<use Images/Week 1/spherical-abberation.png>
Package pdftex.def Info: Images/Week 1/spherical-abberation.png  used on input line 262.
(pdftex.def)             Requested size: 177.18782pt x 108.89745pt.
[7
pdfTeX warning (ext4): destination with the same identifier (name{figure.2}) has been already used, duplicate ignored
<argument> ...shipout:D \box_use:N \l_shipout_box 
                                                  \__shipout_drop_firstpage_...
l.265 \end{figure}
                   <./Images/Week 1/distortion-2.png>]
Underfull \hbox (badness 10000) in paragraph at lines 266--268

 []


Underfull \hbox (badness 10000) in paragraph at lines 266--268

 []

<Images/Week 1/astigmatism.png, id=479, 633.11531pt x 283.0575pt>
File: Images/Week 1/astigmatism.png Graphic file (type png)
<use Images/Week 1/astigmatism.png>
Package pdftex.def Info: Images/Week 1/astigmatism.png  used on input line 272.
(pdftex.def)             Requested size: 177.18782pt x 79.21667pt.

Underfull \hbox (badness 10000) in paragraph at lines 276--278

 []


Underfull \hbox (badness 10000) in paragraph at lines 276--278

 []

<Images/Week 1/curvature.png, id=481, 496.85625pt x 292.84406pt>
File: Images/Week 1/curvature.png Graphic file (type png)
<use Images/Week 1/curvature.png>
Package pdftex.def Info: Images/Week 1/curvature.png  used on input line 282.
(pdftex.def)             Requested size: 177.18782pt x 104.43178pt.
<Images/Week 1/chromatic.png, id=483, 603.0028pt x 234.1247pt>
File: Images/Week 1/chromatic.png Graphic file (type png)
<use Images/Week 1/chromatic.png>
Package pdftex.def Info: Images/Week 1/chromatic.png  used on input line 290.
(pdftex.def)             Requested size: 177.18782pt x 68.79468pt.
[8
pdfTeX warning (ext4): destination with the same identifier (name{figure.3}) has been already used, duplicate ignored
<argument> ...shipout:D \box_use:N \l_shipout_box 
                                                  \__shipout_drop_firstpage_...
l.293 \end{figure}
                  
pdfTeX warning (ext4): destination with the same identifier (name{figure.4}) has been already used, duplicate ignored
<argument> ...shipout:D \box_use:N \l_shipout_box 
                                                  \__shipout_drop_firstpage_...
l.293 \end{figure}
                   <./Images/Week 1/spherical-abberation.png> <./Images/Week 1/astigmatism.png>]
Underfull \hbox (badness 10000) in paragraph at lines 294--296

 []


Underfull \hbox (badness 10000) in paragraph at lines 294--296

 []

<Images/Week 1/achromat.png, id=492, 600.74437pt x 402.75468pt>
File: Images/Week 1/achromat.png Graphic file (type png)
<use Images/Week 1/achromat.png>
Package pdftex.def Info: Images/Week 1/achromat.png  used on input line 300.
(pdftex.def)             Requested size: 177.18782pt x 118.78702pt.
<Images/Week 1/apochromat.png, id=494, 589.4522pt x 390.70969pt>
File: Images/Week 1/apochromat.png Graphic file (type png)
<use Images/Week 1/apochromat.png>
Package pdftex.def Info: Images/Week 1/apochromat.png  used on input line 308.
(pdftex.def)             Requested size: 177.18782pt x 117.4463pt.
[9
pdfTeX warning (ext4): destination with the same identifier (name{figure.5}) has been already used, duplicate ignored
<argument> ...shipout:D \box_use:N \l_shipout_box 
                                                  \__shipout_drop_firstpage_...
l.312 S
       hown at the same scale as \ref{fig:achromat}, \ref{fig:apochromat} sh...
pdfTeX warning (ext4): destination with the same identifier (name{figure.6}) has been already used, duplicate ignored
<argument> ...shipout:D \box_use:N \l_shipout_box 
                                                  \__shipout_drop_firstpage_...
l.312 S
       hown at the same scale as \ref{fig:achromat}, \ref{fig:apochromat} sh...
pdfTeX warning (ext4): destination with the same identifier (name{figure.7}) has been already used, duplicate ignored
<argument> ...shipout:D \box_use:N \l_shipout_box 
                                                  \__shipout_drop_firstpage_...
l.312 S
       hown at the same scale as \ref{fig:achromat}, \ref{fig:apochromat} sh... <./Images/Week 1/curvature.png> <./Images/Week 1/chromatic.png> <./Images/Week 1/achromat.png>]
<Images/Week 1/IR-cut.jpg, id=507, 151.767pt x 36.8577pt>
File: Images/Week 1/IR-cut.jpg Graphic file (type jpg)
<use Images/Week 1/IR-cut.jpg>
Package pdftex.def Info: Images/Week 1/IR-cut.jpg  used on input line 321.
(pdftex.def)             Requested size: 177.18782pt x 43.03107pt.
<Images/Week 1/IR-cut-diagram.jpg, id=508, 307.1475pt x 179.92218pt>
File: Images/Week 1/IR-cut-diagram.jpg Graphic file (type jpg)
<use Images/Week 1/IR-cut-diagram.jpg>
Package pdftex.def Info: Images/Week 1/IR-cut-diagram.jpg  used on input line 327.
(pdftex.def)             Requested size: 177.18782pt x 103.79488pt.

Underfull \hbox (badness 10000) in paragraph at lines 331--335

 []

<Images/Week 1/IR-day-night.jpg, id=509, 156.585pt x 72.27pt>
File: Images/Week 1/IR-day-night.jpg Graphic file (type jpg)
<use Images/Week 1/IR-day-night.jpg>
Package pdftex.def Info: Images/Week 1/IR-day-night.jpg  used on input line 342.
(pdftex.def)             Requested size: 177.18782pt x 81.78212pt.
[10
pdfTeX warning (ext4): destination with the same identifier (name{figure.8}) has been already used, duplicate ignored
<argument> ...shipout:D \box_use:N \l_shipout_box 
                                                  \__shipout_drop_firstpage_...
l.346 \subsubsection
                    {Bayer filters vs. monochrome sensors}
pdfTeX warning (ext4): destination with the same identifier (name{figure.9}) has been already used, duplicate ignored
<argument> ...shipout:D \box_use:N \l_shipout_box 
                                                  \__shipout_drop_firstpage_...
l.346 \subsubsection
                    {Bayer filters vs. monochrome sensors}
pdfTeX warning (ext4): destination with the same identifier (name{figure.10}) has been already used, duplicate ignored
<argument> ...shipout:D \box_use:N \l_shipout_box 
                                                  \__shipout_drop_firstpage_...
l.346 \subsubsection
                    {Bayer filters vs. monochrome sensors} <./Images/Week 1/apochromat.png> <./Images/Week 1/IR-cut.jpg> <./Images/Week 1/IR-cut-diagram.jpg>]
<Images/Week 1/bayer-pattern.png, id=518, 1204.5pt x 782.925pt>
File: Images/Week 1/bayer-pattern.png Graphic file (type png)
<use Images/Week 1/bayer-pattern.png>
Package pdftex.def Info: Images/Week 1/bayer-pattern.png  used on input line 354.
(pdftex.def)             Requested size: 177.18782pt x 115.16385pt.

Underfull \hbox (badness 10000) in paragraph at lines 347--357

 []


Underfull \hbox (badness 10000) in paragraph at lines 358--366

 []


Underfull \hbox (badness 10000) in paragraph at lines 368--371

 []

[11
pdfTeX warning (ext4): destination with the same identifier (name{figure.11}) has been already used, duplicate ignored
<argument> ...shipout:D \box_use:N \l_shipout_box 
                                                  \__shipout_drop_firstpage_...
l.386 \begin{itemize}
                     
pdfTeX warning (ext4): destination with the same identifier (name{figure.12}) has been already used, duplicate ignored
<argument> ...shipout:D \box_use:N \l_shipout_box 
                                                  \__shipout_drop_firstpage_...
l.386 \begin{itemize}
                      <./Images/Week 1/IR-day-night.jpg> <./Images/Week 1/bayer-pattern.png>]
Underfull \hbox (badness 5592) in paragraph at lines 387--388
[]\OT1/phv/b/n/10 Daytime pho-tog-ra-phy and videog-ra-phy\OT1/phv/m/n/10 .
 []

<Images/Week 2/photodiode.png, id=527, 646.415pt x 443.6575pt>
File: Images/Week 2/photodiode.png Graphic file (type png)
<use Images/Week 2/photodiode.png>
Package pdftex.def Info: Images/Week 2/photodiode.png  used on input line 410.
(pdftex.def)             Requested size: 177.18782pt x 121.61015pt.

Underfull \hbox (badness 10000) in paragraph at lines 420--423

 []


Underfull \hbox (badness 10000) in paragraph at lines 425--429

 []


Underfull \hbox (badness 10000) in paragraph at lines 431--436

 []

[12
pdfTeX warning (ext4): destination with the same identifier (name{figure.13}) has been already used, duplicate ignored
<argument> ...shipout:D \box_use:N \l_shipout_box 
                                                  \__shipout_drop_firstpage_...
l.436 
       <./Images/Week 2/photodiode.png>]
<Images/Week 2/full-well.png, id=535, 593.96906pt x 308.65312pt>
File: Images/Week 2/full-well.png Graphic file (type png)
<use Images/Week 2/full-well.png>
Package pdftex.def Info: Images/Week 2/full-well.png  used on input line 441.
(pdftex.def)             Requested size: 221.48395pt x 115.0947pt.
<Images/Week 2/pixel-diagram.png, id=536, 343.2825pt x 281.05pt>
File: Images/Week 2/pixel-diagram.png Graphic file (type png)
<use Images/Week 2/pixel-diagram.png>
Package pdftex.def Info: Images/Week 2/pixel-diagram.png  used on input line 451.
(pdftex.def)             Requested size: 221.48395pt x 181.32945pt.

Underfull \hbox (badness 10000) in paragraph at lines 444--453

 []

LaTeX Font Info:    Font shape `OT1/phv/m/n' will be
(Font)              scaled to size 6.64998pt on input line 465.
LaTeX Font Info:    Font shape `OT1/phv/m/n' will be
(Font)              scaled to size 4.74998pt on input line 465.
<Images/Week 2/snr.png, id=537, 654.94687pt x 195.73125pt>
File: Images/Week 2/snr.png Graphic file (type png)
<use Images/Week 2/snr.png>
Package pdftex.def Info: Images/Week 2/snr.png  used on input line 468.
(pdftex.def)             Requested size: 221.48395pt x 66.18935pt.

Underfull \hbox (badness 10000) in paragraph at lines 459--470

 []

[13
pdfTeX warning (ext4): destination with the same identifier (name{figure.14}) has been already used, duplicate ignored
<argument> ...shipout:D \box_use:N \l_shipout_box 
                                                  \__shipout_drop_firstpage_...
l.470 \end{figure}
                  
pdfTeX warning (ext4): destination with the same identifier (name{figure.15}) has been already used, duplicate ignored
<argument> ...shipout:D \box_use:N \l_shipout_box 
                                                  \__shipout_drop_firstpage_...
l.470 \end{figure}
                   <./Images/Week 2/full-well.png> <./Images/Week 2/pixel-diagram.png>]
<Images/Week 2/ccd-schematic.png, id=545, 817.55438pt x 668.4975pt>
File: Images/Week 2/ccd-schematic.png Graphic file (type png)
<use Images/Week 2/ccd-schematic.png>
Package pdftex.def Info: Images/Week 2/ccd-schematic.png  used on input line 485.
(pdftex.def)             Requested size: 221.48395pt x 181.09856pt.

Underfull \hbox (badness 10000) in paragraph at lines 488--495

 []

<Images/Week 2/cmos-schematic.png, id=546, 781.41937pt x 642.14906pt>
File: Images/Week 2/cmos-schematic.png Graphic file (type png)
<use Images/Week 2/cmos-schematic.png>
Package pdftex.def Info: Images/Week 2/cmos-schematic.png  used on input line 501.
(pdftex.def)             Requested size: 221.48395pt x 182.00514pt.

Underfull \hbox (badness 10000) in paragraph at lines 497--503
\OT1/phv/b/n/10 Complementary metal-oxide-semiconductor
 []

[14
pdfTeX warning (ext4): destination with the same identifier (name{figure.16}) has been already used, duplicate ignored
<argument> ...shipout:D \box_use:N \l_shipout_box 
                                                  \__shipout_drop_firstpage_...
l.503 \end{figure}
                  
pdfTeX warning (ext4): destination with the same identifier (name{figure.17}) has been already used, duplicate ignored
<argument> ...shipout:D \box_use:N \l_shipout_box 
                                                  \__shipout_drop_firstpage_...
l.503 \end{figure}
                   <./Images/Week 2/snr.png> <./Images/Week 2/ccd-schematic.png>]
Underfull \hbox (badness 10000) in paragraph at lines 508--512

 []


Underfull \hbox (badness 10000) in paragraph at lines 514--521

 []


Underfull \hbox (badness 10000) in paragraph at lines 514--521

 []

[15
pdfTeX warning (ext4): destination with the same identifier (name{figure.18}) has been already used, duplicate ignored
<argument> ...shipout:D \box_use:N \l_shipout_box 
                                                  \__shipout_drop_firstpage_...
l.538     \item \textbf
                       {Softer, less digital-looking images}: Some users fin... <./Images/Week 2/cmos-schematic.png>]
Underfull \hbox (badness 10000) in paragraph at lines 550--560

 []


Underfull \hbox (badness 10000) in paragraph at lines 550--560

 []


Underfull \hbox (badness 10000) in paragraph at lines 550--560

 []


Underfull \hbox (badness 10000) in paragraph at lines 550--560

 []

<Images/Week 2/Comparison_backside_illumination.png, id=561, 501.875pt x 602.25pt>
File: Images/Week 2/Comparison_backside_illumination.png Graphic file (type png)
<use Images/Week 2/Comparison_backside_illumination.png>
Package pdftex.def Info: Images/Week 2/Comparison_backside_illumination.png  used on input line 572.
(pdftex.def)             Requested size: 221.48395pt x 265.78111pt.

Underfull \hbox (badness 10000) in paragraph at lines 566--574

 []

[16]
Underfull \hbox (badness 10000) in paragraph at lines 575--579

 []


Underfull \hbox (badness 10000) in paragraph at lines 581--591

 []

<Images/Week 2/photodiode-chain.jpg, id=566, 627.34375pt x 369.38pt>
File: Images/Week 2/photodiode-chain.jpg Graphic file (type jpg)
<use Images/Week 2/photodiode-chain.jpg>
Package pdftex.def Info: Images/Week 2/photodiode-chain.jpg  used on input line 603.
(pdftex.def)             Requested size: 221.48395pt x 130.41219pt.
[17
pdfTeX warning (ext4): destination with the same identifier (name{figure.19}) has been already used, duplicate ignored
<argument> ...shipout:D \box_use:N \l_shipout_box 
                                                  \__shipout_drop_firstpage_...
l.610     \item \textbf
                       {Filtering}: Filters are used to remove unwanted nois...
pdfTeX warning (ext4): destination with the same identifier (name{figure.20}) has been already used, duplicate ignored
<argument> ...shipout:D \box_use:N \l_shipout_box 
                                                  \__shipout_drop_firstpage_...
l.610     \item \textbf
                       {Filtering}: Filters are used to remove unwanted nois... <./Images/Week 2/Comparison_backside_illumination.png> <./Images/Week 2/photodiode-chain.jpg>]
Underfull \hbox (badness 10000) in paragraph at lines 618--639

 []


Underfull \hbox (badness 10000) in paragraph at lines 618--639

 []


Underfull \hbox (badness 10000) in paragraph at lines 618--639

 []


Underfull \hbox (badness 10000) in paragraph at lines 618--639

 []


Underfull \hbox (badness 10000) in paragraph at lines 618--639

 []


Underfull \hbox (badness 10000) in paragraph at lines 618--639

 []


Underfull \hbox (badness 10000) in paragraph at lines 618--639

 []


Underfull \hbox (badness 10000) in paragraph at lines 643--645

 []


Underfull \hbox (badness 10000) in paragraph at lines 643--645

 []

[18]
<Images/Week 2/sony-imx.png, id=587, 616.55344pt x 298.86656pt>
File: Images/Week 2/sony-imx.png Graphic file (type png)
<use Images/Week 2/sony-imx.png>
Package pdftex.def Info: Images/Week 2/sony-imx.png  used on input line 649.
(pdftex.def)             Requested size: 221.48395pt x 107.35928pt.

Underfull \hbox (badness 8075) in paragraph at lines 658--659
[]\OT1/phv/m/n/10 Integrated tim-ing gen-er-a-tor and hor-i-zon-
 []

<Images/Week 2/sony-imx-wire.png, id=588, 595.47469pt x 136.25906pt>
File: Images/Week 2/sony-imx-wire.png Graphic file (type png)
<use Images/Week 2/sony-imx-wire.png>
Package pdftex.def Info: Images/Week 2/sony-imx-wire.png  used on input line 681.
(pdftex.def)             Requested size: 221.48395pt x 50.68118pt.
<Images/Week 2/2-wire-protocol.png, id=589, 495.35063pt x 127.22531pt>
File: Images/Week 2/2-wire-protocol.png Graphic file (type png)
<use Images/Week 2/2-wire-protocol.png>
Package pdftex.def Info: Images/Week 2/2-wire-protocol.png  used on input line 689.
(pdftex.def)             Requested size: 221.48395pt x 56.88588pt.

Underfull \hbox (badness 10000) in paragraph at lines 684--691

 []


Underfull \hbox (badness 10000) in paragraph at lines 694--697

 []

<Images/Week 2/gain-table.png, id=590, 487.06969pt x 167.87718pt>
File: Images/Week 2/gain-table.png Graphic file (type png)
<use Images/Week 2/gain-table.png>
Package pdftex.def Info: Images/Week 2/gain-table.png  used on input line 703.
(pdftex.def)             Requested size: 221.48395pt x 76.33812pt.
[19
pdfTeX warning (ext4): destination with the same identifier (name{figure.21}) has been already used, duplicate ignored
<argument> ...shipout:D \box_use:N \l_shipout_box 
                                                  \__shipout_drop_firstpage_...
l.706 T
       herefore, the analogue gain is as follows:
pdfTeX warning (ext4): destination with the same identifier (name{figure.22}) has been already used, duplicate ignored
<argument> ...shipout:D \box_use:N \l_shipout_box 
                                                  \__shipout_drop_firstpage_...
l.706 T
       herefore, the analogue gain is as follows:
pdfTeX warning (ext4): destination with the same identifier (name{figure.23}) has been already used, duplicate ignored
<argument> ...shipout:D \box_use:N \l_shipout_box 
                                                  \__shipout_drop_firstpage_...
l.706 T
       herefore, the analogue gain is as follows: <./Images/Week 2/sony-imx.png> <./Images/Week 2/sony-imx-wire.png> <./Images/Week 2/2-wire-protocol.png>]
<Images/Week 2/readout-pos.png, id=601, 561.59813pt x 227.34938pt>
File: Images/Week 2/readout-pos.png Graphic file (type png)
<use Images/Week 2/readout-pos.png>
Package pdftex.def Info: Images/Week 2/readout-pos.png  used on input line 715.
(pdftex.def)             Requested size: 221.48395pt x 89.66151pt.

Underfull \hbox (badness 10000) in paragraph at lines 709--717

 []

<Images/Week 2/readout-table.png, id=602, 596.2275pt x 187.45032pt>
File: Images/Week 2/readout-table.png Graphic file (type png)
<use Images/Week 2/readout-table.png>
Package pdftex.def Info: Images/Week 2/readout-table.png  used on input line 721.
(pdftex.def)             Requested size: 221.48395pt x 69.63297pt.
<Images/Week 2/vh-mirror.png, id=603, 506.6428pt x 169.38281pt>
File: Images/Week 2/vh-mirror.png Graphic file (type png)
<use Images/Week 2/vh-mirror.png>
Package pdftex.def Info: Images/Week 2/vh-mirror.png  used on input line 726.
(pdftex.def)             Requested size: 221.48395pt x 74.04533pt.
<Images/Week 2/temp-register.png, id=604, 592.46344pt x 130.23656pt>
File: Images/Week 2/temp-register.png Graphic file (type png)
<use Images/Week 2/temp-register.png>
Package pdftex.def Info: Images/Week 2/temp-register.png  used on input line 735.
(pdftex.def)             Requested size: 221.48395pt x 48.68755pt.
<Images/Week 2/temp-table.png, id=605, 403.5075pt x 408.02437pt>
File: Images/Week 2/temp-table.png Graphic file (type png)
<use Images/Week 2/temp-table.png>
Package pdftex.def Info: Images/Week 2/temp-table.png  used on input line 741.
(pdftex.def)             Requested size: 221.48395pt x 223.96582pt.

Underfull \hbox (badness 10000) in paragraph at lines 753--758

 []


Underfull \hbox (badness 10000) in paragraph at lines 753--758

 []

[20
pdfTeX warning (ext4): destination with the same identifier (name{figure.24}) has been already used, duplicate ignored
<argument> ...shipout:D \box_use:N \l_shipout_box 
                                                  \__shipout_drop_firstpage_...
l.758 \begin{itemize}
                     
pdfTeX warning (ext4): destination with the same identifier (name{figure.25}) has been already used, duplicate ignored
<argument> ...shipout:D \box_use:N \l_shipout_box 
                                                  \__shipout_drop_firstpage_...
l.758 \begin{itemize}
                     
pdfTeX warning (ext4): destination with the same identifier (name{figure.26}) has been already used, duplicate ignored
<argument> ...shipout:D \box_use:N \l_shipout_box 
                                                  \__shipout_drop_firstpage_...
l.758 \begin{itemize}
                     
pdfTeX warning (ext4): destination with the same identifier (name{figure.27}) has been already used, duplicate ignored
<argument> ...shipout:D \box_use:N \l_shipout_box 
                                                  \__shipout_drop_firstpage_...
l.758 \begin{itemize}
                     
pdfTeX warning (ext4): destination with the same identifier (name{figure.28}) has been already used, duplicate ignored
<argument> ...shipout:D \box_use:N \l_shipout_box 
                                                  \__shipout_drop_firstpage_...
l.758 \begin{itemize}
                      <./Images/Week 2/gain-table.png> <./Images/Week 2/readout-pos.png> <./Images/Week 2/readout-table.png> <./Images/Week 2/vh-mirror.png> <./Images/Week 2/temp-register.png>]
Underfull \hbox (badness 10000) in paragraph at lines 766--771

 []


Underfull \hbox (badness 10000) in paragraph at lines 766--771

 []


Underfull \hbox (badness 10000) in paragraph at lines 774--783

 []


Underfull \hbox (badness 10000) in paragraph at lines 774--783

 []


Underfull \hbox (badness 10000) in paragraph at lines 774--783

 []

<Images/Week 3/gamma-ex.jpg, id=620, 250.9375pt x 1254.6875pt>
File: Images/Week 3/gamma-ex.jpg Graphic file (type jpg)
<use Images/Week 3/gamma-ex.jpg>
Package pdftex.def Info: Images/Week 3/gamma-ex.jpg  used on input line 791.
(pdftex.def)             Requested size: 77.52072pt x 387.60896pt.

Underfull \hbox (badness 10000) in paragraph at lines 785--793

 []

[21
pdfTeX warning (ext4): destination with the same identifier (name{figure.29}) has been already used, duplicate ignored
<argument> ...shipout:D \box_use:N \l_shipout_box 
                                                  \__shipout_drop_firstpage_...
l.793 \end{figure}
                   <./Images/Week 2/temp-table.png>]
Underfull \hbox (badness 10000) in paragraph at lines 794--798

 []


Underfull \hbox (badness 10000) in paragraph at lines 800--803

 []


Underfull \hbox (badness 10000) in paragraph at lines 815--820

 []


Underfull \hbox (badness 10000) in paragraph at lines 815--820

 []

[22
pdfTeX warning (ext4): destination with the same identifier (name{figure.30}) has been already used, duplicate ignored
<argument> ...shipout:D \box_use:N \l_shipout_box 
                                                  \__shipout_drop_firstpage_...
l.820 \subsubsection
                    {Convolutions} <./Images/Week 3/gamma-ex.jpg>]
<Images/Week 3/kernel.png, id=632, 203.76125pt x 135.50626pt>
File: Images/Week 3/kernel.png Graphic file (type png)
<use Images/Week 3/kernel.png>
Package pdftex.def Info: Images/Week 3/kernel.png  used on input line 826.
(pdftex.def)             Requested size: 155.03809pt x 103.10779pt.

Underfull \hbox (badness 10000) in paragraph at lines 821--828

 []

<Images/Week 3/average-kernel.png, id=633, 152.424pt x 152.424pt>
File: Images/Week 3/average-kernel.png Graphic file (type png)
<use Images/Week 3/average-kernel.png>
Package pdftex.def Info: Images/Week 3/average-kernel.png  used on input line 843.
(pdftex.def)             Requested size: 155.03809pt x 155.03781pt.
<Images/Week 3/average-ex.png, id=634, 368.37625pt x 164.615pt>
File: Images/Week 3/average-ex.png Graphic file (type png)
<use Images/Week 3/average-ex.png>
Package pdftex.def Info: Images/Week 3/average-ex.png  used on input line 851.
(pdftex.def)             Requested size: 221.48395pt x 98.9732pt.

Underfull \hbox (badness 10000) in paragraph at lines 846--853

 []

<Images/Week 3/gauss-kernel.png, id=635, 286.06876pt x 140.77594pt>
File: Images/Week 3/gauss-kernel.png Graphic file (type png)
<use Images/Week 3/gauss-kernel.png>
Package pdftex.def Info: Images/Week 3/gauss-kernel.png  used on input line 861.
(pdftex.def)             Requested size: 155.03809pt x 76.29495pt.

Underfull \hbox (badness 10000) in paragraph at lines 856--863

 []

[23
pdfTeX warning (ext4): destination with the same identifier (name{figure.31}) has been already used, duplicate ignored
<argument> ...shipout:D \box_use:N \l_shipout_box 
                                                  \__shipout_drop_firstpage_...
l.863 \end{figure}
                  {C:/Users/felix/AppData/Local/Programs/MiKTeX/fonts/enc/dvips/lm/lm-mathex.enc}
pdfTeX warning (ext4): destination with the same identifier (name{figure.32}) has been already used, duplicate ignored
<argument> ...shipout:D \box_use:N \l_shipout_box 
                                                  \__shipout_drop_firstpage_...
l.863 \end{figure}
                  
pdfTeX warning (ext4): destination with the same identifier (name{figure.33}) has been already used, duplicate ignored
<argument> ...shipout:D \box_use:N \l_shipout_box 
                                                  \__shipout_drop_firstpage_...
l.863 \end{figure}
                   <./Images/Week 3/kernel.png> <./Images/Week 3/average-kernel.png> <./Images/Week 3/average-ex.png>]
<Images/Week 3/mediabn-kernel.png, id=647, 285.31593pt x 197.98969pt>
File: Images/Week 3/mediabn-kernel.png Graphic file (type png)
<use Images/Week 3/mediabn-kernel.png>
Package pdftex.def Info: Images/Week 3/mediabn-kernel.png  used on input line 872.
(pdftex.def)             Requested size: 155.03809pt x 107.58653pt.

Underfull \hbox (badness 10000) in paragraph at lines 867--874

 []


Underfull \hbox (badness 10000) in paragraph at lines 878--881

 []

<Images/Week 3/weiner-ex.png, id=648, 441.65pt x 286.06876pt>
File: Images/Week 3/weiner-ex.png Graphic file (type png)
<use Images/Week 3/weiner-ex.png>
Package pdftex.def Info: Images/Week 3/weiner-ex.png  used on input line 894.
(pdftex.def)             Requested size: 221.48395pt x 143.46179pt.

Underfull \hbox (badness 10000) in paragraph at lines 887--896

 []


Underfull \hbox (badness 10000) in paragraph at lines 887--896

 []

[24
pdfTeX warning (ext4): destination with the same identifier (name{figure.34}) has been already used, duplicate ignored
<argument> ...shipout:D \box_use:N \l_shipout_box 
                                                  \__shipout_drop_firstpage_...
l.896 \end{figure}
                  
pdfTeX warning (ext4): destination with the same identifier (name{figure.35}) has been already used, duplicate ignored
<argument> ...shipout:D \box_use:N \l_shipout_box 
                                                  \__shipout_drop_firstpage_...
l.896 \end{figure}
                   <./Images/Week 3/gauss-kernel.png> <./Images/Week 3/mediabn-kernel.png>]
Underfull \hbox (badness 10000) in paragraph at lines 905--914

 []


Underfull \hbox (badness 10000) in paragraph at lines 905--914

 []


Underfull \hbox (badness 10000) in paragraph at lines 905--914

 []


Underfull \hbox (badness 10000) in paragraph at lines 916--922

 []


Underfull \hbox (badness 10000) in paragraph at lines 916--922

 []


Underfull \hbox (badness 10000) in paragraph at lines 924--927

 []

[25
pdfTeX warning (ext4): destination with the same identifier (name{figure.36}) has been already used, duplicate ignored
<argument> ...shipout:D \box_use:N \l_shipout_box 
                                                  \__shipout_drop_firstpage_...
l.927 
       <./Images/Week 3/weiner-ex.png>]
Underfull \hbox (badness 10000) in paragraph at lines 929--941

 []


Underfull \hbox (badness 10000) in paragraph at lines 929--941

 []


Underfull \hbox (badness 10000) in paragraph at lines 929--941

 []


Underfull \hbox (badness 10000) in paragraph at lines 929--941

 []


Underfull \hbox (badness 10000) in paragraph at lines 945--953

 []


Underfull \hbox (badness 10000) in paragraph at lines 945--953

 []


Underfull \hbox (badness 10000) in paragraph at lines 955--961

 []


Underfull \hbox (badness 10000) in paragraph at lines 955--961

 []

[26]
Underfull \hbox (badness 10000) in paragraph at lines 963--970

 []


Underfull \hbox (badness 10000) in paragraph at lines 963--970

 []


Underfull \hbox (badness 10000) in paragraph at lines 963--970

 []


Underfull \hbox (badness 10000) in paragraph at lines 975--978

 []


Underfull \hbox (badness 10000) in paragraph at lines 980--990

 []

<Images/Week 3/bitdepth.png, id=669, 282.30469pt x 280.79906pt>
File: Images/Week 3/bitdepth.png Graphic file (type png)
<use Images/Week 3/bitdepth.png>
Package pdftex.def Info: Images/Week 3/bitdepth.png  used on input line 1001.
(pdftex.def)             Requested size: 155.03809pt x 154.21286pt.

Underfull \hbox (badness 10000) in paragraph at lines 992--1003

 []


Underfull \hbox (badness 10000) in paragraph at lines 992--1003

 []


Underfull \hbox (badness 10000) in paragraph at lines 992--1003

 []

[27]
Underfull \hbox (badness 10000) in paragraph at lines 1004--1009

 []


Underfull \hbox (badness 10000) in paragraph at lines 1004--1009

 []


Underfull \hbox (badness 10000) in paragraph at lines 1018--1032

 []


Underfull \hbox (badness 10000) in paragraph at lines 1018--1032

 []


Underfull \hbox (badness 10000) in paragraph at lines 1018--1032

 []


Underfull \hbox (badness 10000) in paragraph at lines 1034--1047

 []


Underfull \hbox (badness 10000) in paragraph at lines 1034--1047

 []


Underfull \hbox (badness 10000) in paragraph at lines 1034--1047

 []

[28
pdfTeX warning (ext4): destination with the same identifier (name{figure.37}) has been already used, duplicate ignored
<argument> ...shipout:D \box_use:N \l_shipout_box 
                                                  \__shipout_drop_firstpage_...
l.1047 
        <./Images/Week 3/bitdepth.png>]
LaTeX Font Info:    Trying to load font information for OT1+lmtt on input line 1092.
 (C:\Users\felix\AppData\Local\Programs\MiKTeX\tex/latex/lm\ot1lmtt.fd
File: ot1lmtt.fd 2015/05/01 v1.6.1 Font defs for Latin Modern
)
Underfull \hbox (badness 10000) in paragraph at lines 1083--1095

 []


Underfull \hbox (badness 10000) in paragraph at lines 1083--1095

 []


Overfull \hbox (1321.93985pt too wide) in paragraph at lines 1083--1095
[][]\OT1/lmtt/m/n/10 gst-launch-1.0 -v v4l2src device=/dev/video0 num-buffers=1 ! "video/x-bayer, format=rggb, width=3280, height=2464" ! filesink location=test_3280x2464.bayer  []./bayer2rgb --input=test_3280x2464.bayer --output=data.tiff --width=3296 --height=2464 --bpp=16 --first=RGGB --method=BILINEAR --tiff  []\OT1/phv/m/n/10 And
 []

[29{C:/Users/felix/AppData/Local/Programs/MiKTeX/fonts/enc/dvips/lm/lm-rmtt.enc}] [30] (C2S-Literature-Review.aux)
 ***********
LaTeX2e <2023-11-01> patch level 1
L3 programming layer <2024-01-04>
 ***********
Package rerunfilecheck Info: File `C2S-Literature-Review.out' has not changed.
(rerunfilecheck)             Checksum: 4B460D7A5655334DAAEC1D80F2B363AE;13211.
 ) 
Here is how much of TeX's memory you used:
 12181 strings out of 474486
 200379 string characters out of 5743755
 1948542 words of memory out of 5000000
 34119 multiletter control sequences out of 15000+600000
 586979 words of font info for 69 fonts, out of 8000000 for 9000
 1141 hyphenation exceptions out of 8191
 75i,12n,79p,1018b,740s stack positions out of 10000i,1000n,20000p,200000b,200000s
<C:/Users/felix/AppData/Local/Programs/MiKTeX/fonts/type1/public/lm/lmex10.pfb><C:/Users/felix/AppData/Local/Programs/MiKTeX/fonts/type1/public/lm/lmmi10.pfb><C:/Users/felix/AppData/Local/Programs/MiKTeX/fonts/type1/public/lm/lmmi7.pfb><C:/Users/felix/AppData/Local/Programs/MiKTeX/fonts/type1/public/lm/lmr10.pfb><C:/Users/felix/AppData/Local/Programs/MiKTeX/fonts/type1/public/lm/lmr7.pfb><C:/Users/felix/AppData/Local/Programs/MiKTeX/fonts/type1/public/lm/lmsy10.pfb><C:/Users/felix/AppData/Local/Programs/MiKTeX/fonts/type1/public/lm/lmsy7.pfb><C:/Users/felix/AppData/Local/Programs/MiKTeX/fonts/type1/public/lm/lmtt10.pfb><C:/Users/felix/AppData/Local/Programs/MiKTeX/fonts/type1/urw/helvetic/uhvb8a.pfb><C:/Users/felix/AppData/Local/Programs/MiKTeX/fonts/type1/urw/helvetic/uhvr8a.pfb><C:/Users/felix/AppData/Local/Programs/MiKTeX/fonts/type1/urw/helvetic/uhvro8a.pfb>
Output written on C2S-Literature-Review.pdf (31 pages, 2636154 bytes).
PDF statistics:
 783 PDF objects out of 1000 (max. 8388607)
 161 named destinations out of 1000 (max. 500000)
 855 words of extra memory for PDF output out of 10000 (max. 10000000)

